<?xml version="1.0" encoding="UTF-8"?>
<testng-results ignored="0" total="1" passed="1" failed="0" skipped="0">
  <reporter-output>
  </reporter-output>
  <suite started-at="2024-04-26T01:07:29 IST" name="Default suite" finished-at="2024-04-26T01:07:32 IST" duration-ms="2416">
    <groups>
    </groups>
    <test started-at="2024-04-26T01:07:29 IST" name="Default test" finished-at="2024-04-26T01:07:32 IST" duration-ms="2416">
      <class name="practicePackage.DeserializationAPI">
        <test-method signature="complexBody()[pri:0, instance:practicePackage.DeserializationAPI@6c80d78a]" started-at="2024-04-26T01:07:29 IST" name="complexBody" finished-at="2024-04-26T01:07:32 IST" duration-ms="2377" status="PASS">
          <reporter-output>
          </reporter-output>
        </test-method> <!-- complexBody -->
      </class> <!-- practicePackage.DeserializationAPI -->
    </test> <!-- Default test -->
  </suite> <!-- Default suite -->
</testng-results>
